[INFO] Scanning for projects...
[INFO]
[INFO] -----------------------< com.elearning:platform >-----------------------
[INFO] Building E-Learning Platform 0.0.1-SNAPSHOT
[INFO] --------------------------------[ jar ]---------------------------------
[INFO]
[INFO] >>> spring-boot-maven-plugin:2.5.14:run (default-cli) > test-compile @ platform >>>
[INFO]
[INFO] --- maven-resources-plugin:3.2.0:resources (default-resources) @ platform ---
[INFO] Using 'UTF-8' encoding to copy filtered resources.
[INFO] Using 'UTF-8' encoding to copy filtered properties files.
[INFO] Copying 3 resources
[INFO] Copying 42 resources
[INFO]
[INFO] --- maven-compiler-plugin:3.10.1:compile (default-compile) @ platform ---
[INFO] Changes detected - recompiling the module!
[INFO] Compiling 41 source files to /app/target/classes
[INFO] /app/src/main/java/com/elearning/platform/auth/JwtService.java: /app/src/main/java/com/elearning/platform/auth/JwtService.java uses or overrides a deprecated API.
[INFO] /app/src/main/java/com/elearning/platform/auth/JwtService.java: Recompile with -Xlint:deprecation for details.
[INFO]
[INFO] --- maven-resources-plugin:3.2.0:testResources (default-testResources) @ platform ---
[INFO] Using 'UTF-8' encoding to copy filtered resources.
[INFO] Using 'UTF-8' encoding to copy filtered properties files.
[INFO] skip non existing resourceDirectory /app/src/test/resources
[INFO]
[INFO] --- maven-compiler-plugin:3.10.1:testCompile (default-testCompile) @ platform ---
[INFO] Changes detected - recompiling the module!
[INFO] Compiling 1 source file to /app/target/test-classes
[INFO]
[INFO] <<< spring-boot-maven-plugin:2.5.14:run (default-cli) < test-compile @ platform <<<
[INFO]
[INFO]
[INFO] --- spring-boot-maven-plugin:2.5.14:run (default-cli) @ platform ---
[INFO] Attaching agents: []
23:51:43.918 [Thread-0] DEBUG org.springframework.boot.devtools.restart.classloader.RestartClassLoader - Created RestartClassLoader org.springframework.boot.devtools.restart.classloader.RestartClassLoader@168d924f

  .   ____          _            __ _ _
 /\\ / ___'_ __ _ _(_)_ __  __ _ \ \ \ \
( ( )\___ | '_ | '_| | '_ \/ _` | \ \ \ \
 \\/  ___)| |_)| | | | | || (_| |  ) ) ) )
  '  |____| .__|_| |_|_| |_\__, | / / / /
 =========|_|==============|___/=/_/_/_/
 :: Spring Boot ::               (v2.5.14)

2025-12-11 23:51:44.452  INFO 9756 --- [  restartedMain] c.e.platform.PlatformApplication         : Starting PlatformApplication using Java 21.0.8 on devbox with PID 9756 (/app/target/classes started by jules in /app)
2025-12-11 23:51:44.454  INFO 9756 --- [  restartedMain] c.e.platform.PlatformApplication         : The following 1 profile is active: "dev"
2025-12-11 23:51:44.557  INFO 9756 --- [  restartedMain] .e.DevToolsPropertyDefaultsPostProcessor : Devtools property defaults active! Set 'spring.devtools.add-properties' to 'false' to disable
2025-12-11 23:51:44.557  INFO 9756 --- [  restartedMain] .e.DevToolsPropertyDefaultsPostProcessor : For additional web related logging consider setting the 'logging.level.web' property to 'DEBUG'
2025-12-11 23:51:45.364  INFO 9756 --- [  restartedMain] .s.d.r.c.RepositoryConfigurationDelegate : Bootstrapping Spring Data JPA repositories in DEFAULT mode.
2025-12-11 23:51:45.440  INFO 9756 --- [  restartedMain] .s.d.r.c.RepositoryConfigurationDelegate : Finished Spring Data repository scanning in 68 ms. Found 7 JPA repository interfaces.
2025-12-11 23:51:45.899  INFO 9756 --- [  restartedMain] trationDelegate$BeanPostProcessorChecker : Bean 'org.springframework.security.access.expression.method.DefaultMethodSecurityExpressionHandler@5c16e309' of type [org.springframework.security.access.expression.method.DefaultMethodSecurityExpressionHandler] is not eligible for getting processed by all BeanPostProcessors (for example: not eligible for auto-proxying)
2025-12-11 23:51:45.907  INFO 9756 --- [  restartedMain] trationDelegate$BeanPostProcessorChecker : Bean 'methodSecurityMetadataSource' of type [org.springframework.security.access.method.DelegatingMethodSecurityMetadataSource] is not eligible for getting processed by all BeanPostProcessors (for example: not eligible for auto-proxying)
2025-12-11 23:51:46.278  INFO 9756 --- [  restartedMain] o.s.b.w.embedded.tomcat.TomcatWebServer  : Tomcat initialized with port(s): 8080 (http)
2025-12-11 23:51:46.290  INFO 9756 --- [  restartedMain] o.apache.catalina.core.StandardService   : Starting service [Tomcat]
2025-12-11 23:51:46.290  INFO 9756 --- [  restartedMain] org.apache.catalina.core.StandardEngine  : Starting Servlet engine: [Apache Tomcat/9.0.63]
2025-12-11 23:51:46.366  INFO 9756 --- [  restartedMain] o.a.c.c.C.[Tomcat].[localhost].[/]       : Initializing Spring embedded WebApplicationContext
2025-12-11 23:51:46.367  INFO 9756 --- [  restartedMain] w.s.c.ServletWebServerApplicationContext : Root WebApplicationContext: initialization completed in 1809 ms
2025-12-11 23:51:46.404  INFO 9756 --- [  restartedMain] com.zaxxer.hikari.HikariDataSource       : HikariPool-1 - Starting...
2025-12-11 23:51:46.592  INFO 9756 --- [  restartedMain] com.zaxxer.hikari.HikariDataSource       : HikariPool-1 - Start completed.
2025-12-11 23:51:46.599  INFO 9756 --- [  restartedMain] o.s.b.a.h2.H2ConsoleAutoConfiguration    : H2 console available at '/h2-console'. Database available at 'jdbc:h2:mem:elearning_db'
2025-12-11 23:51:46.780  INFO 9756 --- [  restartedMain] o.hibernate.jpa.internal.util.LogHelper  : HHH000204: Processing PersistenceUnitInfo [name: default]
2025-12-11 23:51:46.826  INFO 9756 --- [  restartedMain] org.hibernate.Version                    : HHH000412: Hibernate ORM core version 5.4.33
2025-12-11 23:51:46.983  INFO 9756 --- [  restartedMain] o.hibernate.annotations.common.Version   : HCANN000001: Hibernate Commons Annotations {5.1.2.Final}
2025-12-11 23:51:47.092  INFO 9756 --- [  restartedMain] org.hibernate.dialect.Dialect            : HHH000400: Using dialect: org.hibernate.dialect.H2Dialect
2025-12-11 23:51:47.851  INFO 9756 --- [  restartedMain] o.h.e.t.j.p.i.JtaPlatformInitiator       : HHH000490: Using JtaPlatform implementation: [org.hibernate.engine.transaction.jta.platform.internal.NoJtaPlatform]
2025-12-11 23:51:47.862  INFO 9756 --- [  restartedMain] j.LocalContainerEntityManagerFactoryBean : Initialized JPA EntityManagerFactory for persistence unit 'default'
2025-12-11 23:51:48.516  WARN 9756 --- [  restartedMain] JpaBaseConfiguration$JpaWebConfiguration : spring.jpa.open-in-view is enabled by default. Therefore, database queries may be performed during view rendering. Explicitly configure spring.jpa.open-in-view to disable this warning
2025-12-11 23:51:48.988  INFO 9756 --- [  restartedMain] o.s.s.web.DefaultSecurityFilterChain     : Will not secure any request
2025-12-11 23:51:49.254  INFO 9756 --- [  restartedMain] o.s.b.a.w.s.WelcomePageHandlerMapping    : Adding welcome page template: index
2025-12-11 23:51:49.943  INFO 9756 --- [  restartedMain] o.s.b.d.a.OptionalLiveReloadServer       : LiveReload server is running on port 35729
2025-12-11 23:51:50.011  INFO 9756 --- [  restartedMain] o.s.b.w.embedded.tomcat.TomcatWebServer  : Tomcat started on port(s): 8080 (http) with context path ''
2025-12-11 23:51:50.030  INFO 9756 --- [  restartedMain] c.e.platform.PlatformApplication         : Started PlatformApplication in 6.098 seconds (JVM running for 6.555)
2025-12-11 23:52:08.706  INFO 9756 --- [nio-8080-exec-1] o.a.c.c.C.[Tomcat].[localhost].[/]       : Initializing Spring DispatcherServlet 'dispatcherServlet'
2025-12-11 23:52:08.707  INFO 9756 --- [nio-8080-exec-1] o.s.web.servlet.DispatcherServlet        : Initializing Servlet 'dispatcherServlet'
2025-12-11 23:52:08.710  INFO 9756 --- [nio-8080-exec-1] o.s.web.servlet.DispatcherServlet        : Completed initialization in 3 ms
